<?xml version="1.0" encoding="UTF-8"?>
<testsuite xmlns:xsi="http://www.w3.org/2001/XMLSchema-instance" xsi:noNamespaceSchemaLocation="https://maven.apache.org/surefire/maven-surefire-plugin/xsd/surefire-test-report-3.0.xsd" version="3.0" name="com.example.ttwebzaim.services.StopFactorServiceTest" time="6.149" tests="3" errors="0" skipped="0" failures="0">
  <properties>
    <property name="java.specification.version" value="21"/>
    <property name="sun.jnu.encoding" value="UTF-8"/>
    <property name="java.class.path" value="/home/ivan/Документы/projects/ttWebZaim/target/test-classes:/home/ivan/Документы/projects/ttWebZaim/target/classes:/home/ivan/.m2/repository/org/springframework/boot/spring-boot-starter-data-jpa/3.3.4/spring-boot-starter-data-jpa-3.3.4.jar:/home/ivan/.m2/repository/org/springframework/boot/spring-boot-starter-aop/3.3.4/spring-boot-starter-aop-3.3.4.jar:/home/ivan/.m2/repository/org/springframework/spring-aop/6.1.13/spring-aop-6.1.13.jar:/home/ivan/.m2/repository/org/aspectj/aspectjweaver/1.9.22.1/aspectjweaver-1.9.22.1.jar:/home/ivan/.m2/repository/org/springframework/boot/spring-boot-starter-jdbc/3.3.4/spring-boot-starter-jdbc-3.3.4.jar:/home/ivan/.m2/repository/com/zaxxer/HikariCP/5.1.0/HikariCP-5.1.0.jar:/home/ivan/.m2/repository/org/springframework/spring-jdbc/6.1.13/spring-jdbc-6.1.13.jar:/home/ivan/.m2/repository/org/hibernate/orm/hibernate-core/6.5.3.Final/hibernate-core-6.5.3.Final.jar:/home/ivan/.m2/repository/jakarta/persistence/jakarta.persistence-api/3.1.0/jakarta.persistence-api-3.1.0.jar:/home/ivan/.m2/repository/jakarta/transaction/jakarta.transaction-api/2.0.1/jakarta.transaction-api-2.0.1.jar:/home/ivan/.m2/repository/org/jboss/logging/jboss-logging/3.5.3.Final/jboss-logging-3.5.3.Final.jar:/home/ivan/.m2/repository/org/hibernate/common/hibernate-commons-annotations/6.0.6.Final/hibernate-commons-annotations-6.0.6.Final.jar:/home/ivan/.m2/repository/io/smallrye/jandex/3.1.2/jandex-3.1.2.jar:/home/ivan/.m2/repository/com/fasterxml/classmate/1.7.0/classmate-1.7.0.jar:/home/ivan/.m2/repository/net/bytebuddy/byte-buddy/1.14.19/byte-buddy-1.14.19.jar:/home/ivan/.m2/repository/org/glassfish/jaxb/jaxb-runtime/4.0.5/jaxb-runtime-4.0.5.jar:/home/ivan/.m2/repository/org/glassfish/jaxb/jaxb-core/4.0.5/jaxb-core-4.0.5.jar:/home/ivan/.m2/repository/org/eclipse/angus/angus-activation/2.0.2/angus-activation-2.0.2.jar:/home/ivan/.m2/repository/org/glassfish/jaxb/txw2/4.0.5/txw2-4.0.5.jar:/home/ivan/.m2/repository/com/sun/istack/istack-commons-runtime/4.1.2/istack-commons-runtime-4.1.2.jar:/home/ivan/.m2/repository/jakarta/inject/jakarta.inject-api/2.0.1/jakarta.inject-api-2.0.1.jar:/home/ivan/.m2/repository/org/antlr/antlr4-runtime/4.13.0/antlr4-runtime-4.13.0.jar:/home/ivan/.m2/repository/org/springframework/data/spring-data-jpa/3.3.4/spring-data-jpa-3.3.4.jar:/home/ivan/.m2/repository/org/springframework/data/spring-data-commons/3.3.4/spring-data-commons-3.3.4.jar:/home/ivan/.m2/repository/org/springframework/spring-orm/6.1.13/spring-orm-6.1.13.jar:/home/ivan/.m2/repository/org/springframework/spring-context/6.1.13/spring-context-6.1.13.jar:/home/ivan/.m2/repository/org/springframework/spring-tx/6.1.13/spring-tx-6.1.13.jar:/home/ivan/.m2/repository/org/springframework/spring-beans/6.1.13/spring-beans-6.1.13.jar:/home/ivan/.m2/repository/jakarta/annotation/jakarta.annotation-api/2.1.1/jakarta.annotation-api-2.1.1.jar:/home/ivan/.m2/repository/org/slf4j/slf4j-api/2.0.16/slf4j-api-2.0.16.jar:/home/ivan/.m2/repository/org/springframework/spring-aspects/6.1.13/spring-aspects-6.1.13.jar:/home/ivan/.m2/repository/org/springframework/boot/spring-boot-starter-web/3.3.4/spring-boot-starter-web-3.3.4.jar:/home/ivan/.m2/repository/org/springframework/boot/spring-boot-starter/3.3.4/spring-boot-starter-3.3.4.jar:/home/ivan/.m2/repository/org/springframework/boot/spring-boot/3.3.4/spring-boot-3.3.4.jar:/home/ivan/.m2/repository/org/springframework/boot/spring-boot-autoconfigure/3.3.4/spring-boot-autoconfigure-3.3.4.jar:/home/ivan/.m2/repository/org/springframework/boot/spring-boot-starter-logging/3.3.4/spring-boot-starter-logging-3.3.4.jar:/home/ivan/.m2/repository/ch/qos/logback/logback-classic/1.5.8/logback-classic-1.5.8.jar:/home/ivan/.m2/repository/ch/qos/logback/logback-core/1.5.8/logback-core-1.5.8.jar:/home/ivan/.m2/repository/org/apache/logging/log4j/log4j-to-slf4j/2.23.1/log4j-to-slf4j-2.23.1.jar:/home/ivan/.m2/repository/org/apache/logging/log4j/log4j-api/2.23.1/log4j-api-2.23.1.jar:/home/ivan/.m2/repository/org/slf4j/jul-to-slf4j/2.0.16/jul-to-slf4j-2.0.16.jar:/home/ivan/.m2/repository/org/yaml/snakeyaml/2.2/snakeyaml-2.2.jar:/home/ivan/.m2/repository/org/springframework/boot/spring-boot-starter-json/3.3.4/spring-boot-starter-json-3.3.4.jar:/home/ivan/.m2/repository/com/fasterxml/jackson/datatype/jackson-datatype-jdk8/2.17.2/jackson-datatype-jdk8-2.17.2.jar:/home/ivan/.m2/repository/com/fasterxml/jackson/module/jackson-module-parameter-names/2.17.2/jackson-module-parameter-names-2.17.2.jar:/home/ivan/.m2/repository/org/springframework/boot/spring-boot-starter-tomcat/3.3.4/spring-boot-starter-tomcat-3.3.4.jar:/home/ivan/.m2/repository/org/apache/tomcat/embed/tomcat-embed-core/10.1.30/tomcat-embed-core-10.1.30.jar:/home/ivan/.m2/repository/org/apache/tomcat/embed/tomcat-embed-el/10.1.30/tomcat-embed-el-10.1.30.jar:/home/ivan/.m2/repository/org/apache/tomcat/embed/tomcat-embed-websocket/10.1.30/tomcat-embed-websocket-10.1.30.jar:/home/ivan/.m2/repository/org/springframework/spring-web/6.1.13/spring-web-6.1.13.jar:/home/ivan/.m2/repository/io/micrometer/micrometer-observation/1.13.4/micrometer-observation-1.13.4.jar:/home/ivan/.m2/repository/io/micrometer/micrometer-commons/1.13.4/micrometer-commons-1.13.4.jar:/home/ivan/.m2/repository/org/springframework/spring-webmvc/6.1.13/spring-webmvc-6.1.13.jar:/home/ivan/.m2/repository/org/springframework/spring-expression/6.1.13/spring-expression-6.1.13.jar:/home/ivan/.m2/repository/org/flywaydb/flyway-core/10.10.0/flyway-core-10.10.0.jar:/home/ivan/.m2/repository/com/fasterxml/jackson/dataformat/jackson-dataformat-toml/2.17.2/jackson-dataformat-toml-2.17.2.jar:/home/ivan/.m2/repository/com/google/code/gson/gson/2.10.1/gson-2.10.1.jar:/home/ivan/.m2/repository/org/flywaydb/flyway-database-postgresql/10.10.0/flyway-database-postgresql-10.10.0.jar:/home/ivan/.m2/repository/org/postgresql/postgresql/42.7.4/postgresql-42.7.4.jar:/home/ivan/.m2/repository/org/checkerframework/checker-qual/3.42.0/checker-qual-3.42.0.jar:/home/ivan/.m2/repository/org/springframework/boot/spring-boot-starter-test/3.3.4/spring-boot-starter-test-3.3.4.jar:/home/ivan/.m2/repository/org/springframework/boot/spring-boot-test/3.3.4/spring-boot-test-3.3.4.jar:/home/ivan/.m2/repository/org/springframework/boot/spring-boot-test-autoconfigure/3.3.4/spring-boot-test-autoconfigure-3.3.4.jar:/home/ivan/.m2/repository/com/jayway/jsonpath/json-path/2.9.0/json-path-2.9.0.jar:/home/ivan/.m2/repository/jakarta/xml/bind/jakarta.xml.bind-api/4.0.2/jakarta.xml.bind-api-4.0.2.jar:/home/ivan/.m2/repository/jakarta/activation/jakarta.activation-api/2.1.3/jakarta.activation-api-2.1.3.jar:/home/ivan/.m2/repository/net/minidev/json-smart/2.5.1/json-smart-2.5.1.jar:/home/ivan/.m2/repository/net/minidev/accessors-smart/2.5.1/accessors-smart-2.5.1.jar:/home/ivan/.m2/repository/org/ow2/asm/asm/9.6/asm-9.6.jar:/home/ivan/.m2/repository/org/assertj/assertj-core/3.25.3/assertj-core-3.25.3.jar:/home/ivan/.m2/repository/org/awaitility/awaitility/4.2.2/awaitility-4.2.2.jar:/home/ivan/.m2/repository/org/hamcrest/hamcrest/2.2/hamcrest-2.2.jar:/home/ivan/.m2/repository/org/junit/jupiter/junit-jupiter/5.10.3/junit-jupiter-5.10.3.jar:/home/ivan/.m2/repository/org/junit/jupiter/junit-jupiter-api/5.10.3/junit-jupiter-api-5.10.3.jar:/home/ivan/.m2/repository/org/opentest4j/opentest4j/1.3.0/opentest4j-1.3.0.jar:/home/ivan/.m2/repository/org/junit/platform/junit-platform-commons/1.10.3/junit-platform-commons-1.10.3.jar:/home/ivan/.m2/repository/org/apiguardian/apiguardian-api/1.1.2/apiguardian-api-1.1.2.jar:/home/ivan/.m2/repository/org/junit/jupiter/junit-jupiter-params/5.10.3/junit-jupiter-params-5.10.3.jar:/home/ivan/.m2/repository/org/junit/jupiter/junit-jupiter-engine/5.10.3/junit-jupiter-engine-5.10.3.jar:/home/ivan/.m2/repository/org/junit/platform/junit-platform-engine/1.10.3/junit-platform-engine-1.10.3.jar:/home/ivan/.m2/repository/org/mockito/mockito-core/5.11.0/mockito-core-5.11.0.jar:/home/ivan/.m2/repository/net/bytebuddy/byte-buddy-agent/1.14.19/byte-buddy-agent-1.14.19.jar:/home/ivan/.m2/repository/org/objenesis/objenesis/3.3/objenesis-3.3.jar:/home/ivan/.m2/repository/org/mockito/mockito-junit-jupiter/5.11.0/mockito-junit-jupiter-5.11.0.jar:/home/ivan/.m2/repository/org/skyscreamer/jsonassert/1.5.3/jsonassert-1.5.3.jar:/home/ivan/.m2/repository/com/vaadin/external/google/android-json/0.0.20131108.vaadin1/android-json-0.0.20131108.vaadin1.jar:/home/ivan/.m2/repository/org/springframework/spring-core/6.1.13/spring-core-6.1.13.jar:/home/ivan/.m2/repository/org/springframework/spring-jcl/6.1.13/spring-jcl-6.1.13.jar:/home/ivan/.m2/repository/org/springframework/spring-test/6.1.13/spring-test-6.1.13.jar:/home/ivan/.m2/repository/org/xmlunit/xmlunit-core/2.9.1/xmlunit-core-2.9.1.jar:/home/ivan/.m2/repository/org/projectlombok/lombok/1.18.34/lombok-1.18.34.jar:/home/ivan/.m2/repository/com/fasterxml/jackson/core/jackson-databind/2.18.0/jackson-databind-2.18.0.jar:/home/ivan/.m2/repository/com/fasterxml/jackson/core/jackson-annotations/2.17.2/jackson-annotations-2.17.2.jar:/home/ivan/.m2/repository/com/fasterxml/jackson/core/jackson-core/2.17.2/jackson-core-2.17.2.jar:/home/ivan/.m2/repository/com/fasterxml/jackson/datatype/jackson-datatype-jsr310/2.17.2/jackson-datatype-jsr310-2.17.2.jar:/home/ivan/.m2/repository/org/apache/commons/commons-text/1.9/commons-text-1.9.jar:/home/ivan/.m2/repository/org/apache/commons/commons-lang3/3.14.0/commons-lang3-3.14.0.jar:"/>
    <property name="java.vm.vendor" value="Oracle Corporation"/>
    <property name="sun.arch.data.model" value="64"/>
    <property name="java.vendor.url" value="https://java.oracle.com/"/>
    <property name="user.timezone" value="Asia/Novosibirsk"/>
    <property name="org.jboss.logging.provider" value="slf4j"/>
    <property name="os.name" value="Linux"/>
    <property name="java.vm.specification.version" value="21"/>
    <property name="sun.java.launcher" value="SUN_STANDARD"/>
    <property name="user.country" value="RU"/>
    <property name="sun.boot.library.path" value="/usr/lib/jvm/jdk-21.0.4-oracle-x64/lib"/>
    <property name="sun.java.command" value="/home/ivan/Документы/projects/ttWebZaim/target/surefire/surefirebooter-20241007133123754_3.jar /home/ivan/Документы/projects/ttWebZaim/target/surefire 2024-10-07T13-31-23_662-jvmRun1 surefire-20241007133123754_1tmp surefire_0-20241007133123754_2tmp"/>
    <property name="jdk.debug" value="release"/>
    <property name="surefire.test.class.path" value="/home/ivan/Документы/projects/ttWebZaim/target/test-classes:/home/ivan/Документы/projects/ttWebZaim/target/classes:/home/ivan/.m2/repository/org/springframework/boot/spring-boot-starter-data-jpa/3.3.4/spring-boot-starter-data-jpa-3.3.4.jar:/home/ivan/.m2/repository/org/springframework/boot/spring-boot-starter-aop/3.3.4/spring-boot-starter-aop-3.3.4.jar:/home/ivan/.m2/repository/org/springframework/spring-aop/6.1.13/spring-aop-6.1.13.jar:/home/ivan/.m2/repository/org/aspectj/aspectjweaver/1.9.22.1/aspectjweaver-1.9.22.1.jar:/home/ivan/.m2/repository/org/springframework/boot/spring-boot-starter-jdbc/3.3.4/spring-boot-starter-jdbc-3.3.4.jar:/home/ivan/.m2/repository/com/zaxxer/HikariCP/5.1.0/HikariCP-5.1.0.jar:/home/ivan/.m2/repository/org/springframework/spring-jdbc/6.1.13/spring-jdbc-6.1.13.jar:/home/ivan/.m2/repository/org/hibernate/orm/hibernate-core/6.5.3.Final/hibernate-core-6.5.3.Final.jar:/home/ivan/.m2/repository/jakarta/persistence/jakarta.persistence-api/3.1.0/jakarta.persistence-api-3.1.0.jar:/home/ivan/.m2/repository/jakarta/transaction/jakarta.transaction-api/2.0.1/jakarta.transaction-api-2.0.1.jar:/home/ivan/.m2/repository/org/jboss/logging/jboss-logging/3.5.3.Final/jboss-logging-3.5.3.Final.jar:/home/ivan/.m2/repository/org/hibernate/common/hibernate-commons-annotations/6.0.6.Final/hibernate-commons-annotations-6.0.6.Final.jar:/home/ivan/.m2/repository/io/smallrye/jandex/3.1.2/jandex-3.1.2.jar:/home/ivan/.m2/repository/com/fasterxml/classmate/1.7.0/classmate-1.7.0.jar:/home/ivan/.m2/repository/net/bytebuddy/byte-buddy/1.14.19/byte-buddy-1.14.19.jar:/home/ivan/.m2/repository/org/glassfish/jaxb/jaxb-runtime/4.0.5/jaxb-runtime-4.0.5.jar:/home/ivan/.m2/repository/org/glassfish/jaxb/jaxb-core/4.0.5/jaxb-core-4.0.5.jar:/home/ivan/.m2/repository/org/eclipse/angus/angus-activation/2.0.2/angus-activation-2.0.2.jar:/home/ivan/.m2/repository/org/glassfish/jaxb/txw2/4.0.5/txw2-4.0.5.jar:/home/ivan/.m2/repository/com/sun/istack/istack-commons-runtime/4.1.2/istack-commons-runtime-4.1.2.jar:/home/ivan/.m2/repository/jakarta/inject/jakarta.inject-api/2.0.1/jakarta.inject-api-2.0.1.jar:/home/ivan/.m2/repository/org/antlr/antlr4-runtime/4.13.0/antlr4-runtime-4.13.0.jar:/home/ivan/.m2/repository/org/springframework/data/spring-data-jpa/3.3.4/spring-data-jpa-3.3.4.jar:/home/ivan/.m2/repository/org/springframework/data/spring-data-commons/3.3.4/spring-data-commons-3.3.4.jar:/home/ivan/.m2/repository/org/springframework/spring-orm/6.1.13/spring-orm-6.1.13.jar:/home/ivan/.m2/repository/org/springframework/spring-context/6.1.13/spring-context-6.1.13.jar:/home/ivan/.m2/repository/org/springframework/spring-tx/6.1.13/spring-tx-6.1.13.jar:/home/ivan/.m2/repository/org/springframework/spring-beans/6.1.13/spring-beans-6.1.13.jar:/home/ivan/.m2/repository/jakarta/annotation/jakarta.annotation-api/2.1.1/jakarta.annotation-api-2.1.1.jar:/home/ivan/.m2/repository/org/slf4j/slf4j-api/2.0.16/slf4j-api-2.0.16.jar:/home/ivan/.m2/repository/org/springframework/spring-aspects/6.1.13/spring-aspects-6.1.13.jar:/home/ivan/.m2/repository/org/springframework/boot/spring-boot-starter-web/3.3.4/spring-boot-starter-web-3.3.4.jar:/home/ivan/.m2/repository/org/springframework/boot/spring-boot-starter/3.3.4/spring-boot-starter-3.3.4.jar:/home/ivan/.m2/repository/org/springframework/boot/spring-boot/3.3.4/spring-boot-3.3.4.jar:/home/ivan/.m2/repository/org/springframework/boot/spring-boot-autoconfigure/3.3.4/spring-boot-autoconfigure-3.3.4.jar:/home/ivan/.m2/repository/org/springframework/boot/spring-boot-starter-logging/3.3.4/spring-boot-starter-logging-3.3.4.jar:/home/ivan/.m2/repository/ch/qos/logback/logback-classic/1.5.8/logback-classic-1.5.8.jar:/home/ivan/.m2/repository/ch/qos/logback/logback-core/1.5.8/logback-core-1.5.8.jar:/home/ivan/.m2/repository/org/apache/logging/log4j/log4j-to-slf4j/2.23.1/log4j-to-slf4j-2.23.1.jar:/home/ivan/.m2/repository/org/apache/logging/log4j/log4j-api/2.23.1/log4j-api-2.23.1.jar:/home/ivan/.m2/repository/org/slf4j/jul-to-slf4j/2.0.16/jul-to-slf4j-2.0.16.jar:/home/ivan/.m2/repository/org/yaml/snakeyaml/2.2/snakeyaml-2.2.jar:/home/ivan/.m2/repository/org/springframework/boot/spring-boot-starter-json/3.3.4/spring-boot-starter-json-3.3.4.jar:/home/ivan/.m2/repository/com/fasterxml/jackson/datatype/jackson-datatype-jdk8/2.17.2/jackson-datatype-jdk8-2.17.2.jar:/home/ivan/.m2/repository/com/fasterxml/jackson/module/jackson-module-parameter-names/2.17.2/jackson-module-parameter-names-2.17.2.jar:/home/ivan/.m2/repository/org/springframework/boot/spring-boot-starter-tomcat/3.3.4/spring-boot-starter-tomcat-3.3.4.jar:/home/ivan/.m2/repository/org/apache/tomcat/embed/tomcat-embed-core/10.1.30/tomcat-embed-core-10.1.30.jar:/home/ivan/.m2/repository/org/apache/tomcat/embed/tomcat-embed-el/10.1.30/tomcat-embed-el-10.1.30.jar:/home/ivan/.m2/repository/org/apache/tomcat/embed/tomcat-embed-websocket/10.1.30/tomcat-embed-websocket-10.1.30.jar:/home/ivan/.m2/repository/org/springframework/spring-web/6.1.13/spring-web-6.1.13.jar:/home/ivan/.m2/repository/io/micrometer/micrometer-observation/1.13.4/micrometer-observation-1.13.4.jar:/home/ivan/.m2/repository/io/micrometer/micrometer-commons/1.13.4/micrometer-commons-1.13.4.jar:/home/ivan/.m2/repository/org/springframework/spring-webmvc/6.1.13/spring-webmvc-6.1.13.jar:/home/ivan/.m2/repository/org/springframework/spring-expression/6.1.13/spring-expression-6.1.13.jar:/home/ivan/.m2/repository/org/flywaydb/flyway-core/10.10.0/flyway-core-10.10.0.jar:/home/ivan/.m2/repository/com/fasterxml/jackson/dataformat/jackson-dataformat-toml/2.17.2/jackson-dataformat-toml-2.17.2.jar:/home/ivan/.m2/repository/com/google/code/gson/gson/2.10.1/gson-2.10.1.jar:/home/ivan/.m2/repository/org/flywaydb/flyway-database-postgresql/10.10.0/flyway-database-postgresql-10.10.0.jar:/home/ivan/.m2/repository/org/postgresql/postgresql/42.7.4/postgresql-42.7.4.jar:/home/ivan/.m2/repository/org/checkerframework/checker-qual/3.42.0/checker-qual-3.42.0.jar:/home/ivan/.m2/repository/org/springframework/boot/spring-boot-starter-test/3.3.4/spring-boot-starter-test-3.3.4.jar:/home/ivan/.m2/repository/org/springframework/boot/spring-boot-test/3.3.4/spring-boot-test-3.3.4.jar:/home/ivan/.m2/repository/org/springframework/boot/spring-boot-test-autoconfigure/3.3.4/spring-boot-test-autoconfigure-3.3.4.jar:/home/ivan/.m2/repository/com/jayway/jsonpath/json-path/2.9.0/json-path-2.9.0.jar:/home/ivan/.m2/repository/jakarta/xml/bind/jakarta.xml.bind-api/4.0.2/jakarta.xml.bind-api-4.0.2.jar:/home/ivan/.m2/repository/jakarta/activation/jakarta.activation-api/2.1.3/jakarta.activation-api-2.1.3.jar:/home/ivan/.m2/repository/net/minidev/json-smart/2.5.1/json-smart-2.5.1.jar:/home/ivan/.m2/repository/net/minidev/accessors-smart/2.5.1/accessors-smart-2.5.1.jar:/home/ivan/.m2/repository/org/ow2/asm/asm/9.6/asm-9.6.jar:/home/ivan/.m2/repository/org/assertj/assertj-core/3.25.3/assertj-core-3.25.3.jar:/home/ivan/.m2/repository/org/awaitility/awaitility/4.2.2/awaitility-4.2.2.jar:/home/ivan/.m2/repository/org/hamcrest/hamcrest/2.2/hamcrest-2.2.jar:/home/ivan/.m2/repository/org/junit/jupiter/junit-jupiter/5.10.3/junit-jupiter-5.10.3.jar:/home/ivan/.m2/repository/org/junit/jupiter/junit-jupiter-api/5.10.3/junit-jupiter-api-5.10.3.jar:/home/ivan/.m2/repository/org/opentest4j/opentest4j/1.3.0/opentest4j-1.3.0.jar:/home/ivan/.m2/repository/org/junit/platform/junit-platform-commons/1.10.3/junit-platform-commons-1.10.3.jar:/home/ivan/.m2/repository/org/apiguardian/apiguardian-api/1.1.2/apiguardian-api-1.1.2.jar:/home/ivan/.m2/repository/org/junit/jupiter/junit-jupiter-params/5.10.3/junit-jupiter-params-5.10.3.jar:/home/ivan/.m2/repository/org/junit/jupiter/junit-jupiter-engine/5.10.3/junit-jupiter-engine-5.10.3.jar:/home/ivan/.m2/repository/org/junit/platform/junit-platform-engine/1.10.3/junit-platform-engine-1.10.3.jar:/home/ivan/.m2/repository/org/mockito/mockito-core/5.11.0/mockito-core-5.11.0.jar:/home/ivan/.m2/repository/net/bytebuddy/byte-buddy-agent/1.14.19/byte-buddy-agent-1.14.19.jar:/home/ivan/.m2/repository/org/objenesis/objenesis/3.3/objenesis-3.3.jar:/home/ivan/.m2/repository/org/mockito/mockito-junit-jupiter/5.11.0/mockito-junit-jupiter-5.11.0.jar:/home/ivan/.m2/repository/org/skyscreamer/jsonassert/1.5.3/jsonassert-1.5.3.jar:/home/ivan/.m2/repository/com/vaadin/external/google/android-json/0.0.20131108.vaadin1/android-json-0.0.20131108.vaadin1.jar:/home/ivan/.m2/repository/org/springframework/spring-core/6.1.13/spring-core-6.1.13.jar:/home/ivan/.m2/repository/org/springframework/spring-jcl/6.1.13/spring-jcl-6.1.13.jar:/home/ivan/.m2/repository/org/springframework/spring-test/6.1.13/spring-test-6.1.13.jar:/home/ivan/.m2/repository/org/xmlunit/xmlunit-core/2.9.1/xmlunit-core-2.9.1.jar:/home/ivan/.m2/repository/org/projectlombok/lombok/1.18.34/lombok-1.18.34.jar:/home/ivan/.m2/repository/com/fasterxml/jackson/core/jackson-databind/2.18.0/jackson-databind-2.18.0.jar:/home/ivan/.m2/repository/com/fasterxml/jackson/core/jackson-annotations/2.17.2/jackson-annotations-2.17.2.jar:/home/ivan/.m2/repository/com/fasterxml/jackson/core/jackson-core/2.17.2/jackson-core-2.17.2.jar:/home/ivan/.m2/repository/com/fasterxml/jackson/datatype/jackson-datatype-jsr310/2.17.2/jackson-datatype-jsr310-2.17.2.jar:/home/ivan/.m2/repository/org/apache/commons/commons-text/1.9/commons-text-1.9.jar:/home/ivan/.m2/repository/org/apache/commons/commons-lang3/3.14.0/commons-lang3-3.14.0.jar:"/>
    <property name="sun.cpu.endian" value="little"/>
    <property name="user.home" value="/home/ivan"/>
    <property name="user.language" value="ru"/>
    <property name="java.specification.vendor" value="Oracle Corporation"/>
    <property name="java.version.date" value="2024-07-16"/>
    <property name="java.home" value="/usr/lib/jvm/jdk-21.0.4-oracle-x64"/>
    <property name="file.separator" value="/"/>
    <property name="basedir" value="/home/ivan/Документы/projects/ttWebZaim"/>
    <property name="java.vm.compressedOopsMode" value="Zero based"/>
    <property name="line.separator" value="&#10;"/>
    <property name="java.vm.specification.vendor" value="Oracle Corporation"/>
    <property name="java.specification.name" value="Java Platform API Specification"/>
    <property name="FILE_LOG_CHARSET" value="UTF-8"/>
    <property name="java.awt.headless" value="true"/>
    <property name="surefire.real.class.path" value="/home/ivan/Документы/projects/ttWebZaim/target/surefire/surefirebooter-20241007133123754_3.jar"/>
    <property name="sun.management.compiler" value="HotSpot 64-Bit Tiered Compilers"/>
    <property name="java.runtime.version" value="21.0.4+8-LTS-274"/>
    <property name="user.name" value="ivan"/>
    <property name="stdout.encoding" value="UTF-8"/>
    <property name="path.separator" value=":"/>
    <property name="os.version" value="6.8.0-45-generic"/>
    <property name="java.runtime.name" value="Java(TM) SE Runtime Environment"/>
    <property name="file.encoding" value="UTF-8"/>
    <property name="java.vm.name" value="Java HotSpot(TM) 64-Bit Server VM"/>
    <property name="localRepository" value="/home/ivan/.m2/repository"/>
    <property name="java.vendor.url.bug" value="https://bugreport.java.com/bugreport/"/>
    <property name="java.io.tmpdir" value="/tmp"/>
    <property name="com.zaxxer.hikari.pool_number" value="1"/>
    <property name="java.version" value="21.0.4"/>
    <property name="user.dir" value="/home/ivan/Документы/projects/ttWebZaim"/>
    <property name="os.arch" value="amd64"/>
    <property name="java.vm.specification.name" value="Java Virtual Machine Specification"/>
    <property name="PID" value="35666"/>
    <property name="CONSOLE_LOG_CHARSET" value="UTF-8"/>
    <property name="native.encoding" value="UTF-8"/>
    <property name="java.library.path" value="/usr/java/packages/lib:/usr/lib64:/lib64:/lib:/usr/lib"/>
    <property name="java.vm.info" value="mixed mode, sharing"/>
    <property name="stderr.encoding" value="UTF-8"/>
    <property name="java.vendor" value="Oracle Corporation"/>
    <property name="java.vm.version" value="21.0.4+8-LTS-274"/>
    <property name="sun.io.unicode.encoding" value="UnicodeLittle"/>
    <property name="java.class.version" value="65.0"/>
    <property name="LOGGED_APPLICATION_NAME" value="[ttWebZaim] "/>
  </properties>
  <testcase name="testGenerateWord" classname="com.example.ttwebzaim.services.StopFactorServiceTest" time="0.437">
    <system-out><![CDATA[13:31:24.944 [main] INFO org.springframework.test.context.support.AnnotationConfigContextLoaderUtils -- Could not detect default configuration classes for test class [com.example.ttwebzaim.services.StopFactorServiceTest]: StopFactorServiceTest does not declare any static, non-private, non-final, nested classes annotated with @Configuration.
13:31:25.130 [main] INFO org.springframework.boot.test.context.SpringBootTestContextBootstrapper -- Found @SpringBootConfiguration com.example.ttwebzaim.TtWebZaimApplication for test class com.example.ttwebzaim.services.StopFactorServiceTest

  .   ____          _            __ _ _
 /\\ / ___'_ __ _ _(_)_ __  __ _ \ \ \ \
( ( )\___ | '_ | '_| | '_ \/ _` | \ \ \ \
 \\/  ___)| |_)| | | | | || (_| |  ) ) ) )
  '  |____| .__|_| |_|_| |_\__, | / / / /
 =========|_|==============|___/=/_/_/_/

 :: Spring Boot ::                (v3.3.4)

2024-10-07T13:31:25.735+07:00  INFO 35666 --- [ttWebZaim] [           main] c.e.t.services.StopFactorServiceTest     : Starting StopFactorServiceTest using Java 21.0.4 with PID 35666 (started by ivan in /home/ivan/Документы/projects/ttWebZaim)
2024-10-07T13:31:25.739+07:00  INFO 35666 --- [ttWebZaim] [           main] c.e.t.services.StopFactorServiceTest     : No active profile set, falling back to 1 default profile: "default"
2024-10-07T13:31:26.623+07:00  INFO 35666 --- [ttWebZaim] [           main] .s.d.r.c.RepositoryConfigurationDelegate : Bootstrapping Spring Data JPA repositories in DEFAULT mode.
2024-10-07T13:31:26.706+07:00  INFO 35666 --- [ttWebZaim] [           main] .s.d.r.c.RepositoryConfigurationDelegate : Finished Spring Data repository scanning in 71 ms. Found 7 JPA repository interfaces.
2024-10-07T13:31:27.443+07:00  INFO 35666 --- [ttWebZaim] [           main] com.zaxxer.hikari.HikariDataSource       : HikariPool-1 - Starting...
2024-10-07T13:31:27.631+07:00  INFO 35666 --- [ttWebZaim] [           main] com.zaxxer.hikari.pool.HikariPool        : HikariPool-1 - Added connection org.postgresql.jdbc.PgConnection@4cdba2ed
2024-10-07T13:31:27.632+07:00  INFO 35666 --- [ttWebZaim] [           main] com.zaxxer.hikari.HikariDataSource       : HikariPool-1 - Start completed.
2024-10-07T13:31:27.664+07:00  INFO 35666 --- [ttWebZaim] [           main] org.flywaydb.core.FlywayExecutor         : Database: jdbc:postgresql://localhost:5432/webzaim (PostgreSQL 14.13)
2024-10-07T13:31:27.717+07:00  INFO 35666 --- [ttWebZaim] [           main] o.f.core.internal.command.DbValidate     : Successfully validated 2 migrations (execution time 00:00.031s)
2024-10-07T13:31:27.763+07:00  INFO 35666 --- [ttWebZaim] [           main] o.f.core.internal.command.DbMigrate      : Current version of schema "public": 2
2024-10-07T13:31:27.765+07:00  INFO 35666 --- [ttWebZaim] [           main] o.f.core.internal.command.DbMigrate      : Schema "public" is up to date. No migration necessary.
2024-10-07T13:31:27.916+07:00  INFO 35666 --- [ttWebZaim] [           main] o.hibernate.jpa.internal.util.LogHelper  : HHH000204: Processing PersistenceUnitInfo [name: default]
2024-10-07T13:31:27.964+07:00  INFO 35666 --- [ttWebZaim] [           main] org.hibernate.Version                    : HHH000412: Hibernate ORM core version 6.5.3.Final
2024-10-07T13:31:27.993+07:00  INFO 35666 --- [ttWebZaim] [           main] o.h.c.internal.RegionFactoryInitiator    : HHH000026: Second-level cache disabled
2024-10-07T13:31:28.250+07:00  INFO 35666 --- [ttWebZaim] [           main] o.s.o.j.p.SpringPersistenceUnitInfo      : No LoadTimeWeaver setup: ignoring JPA class transformer
2024-10-07T13:31:29.152+07:00  INFO 35666 --- [ttWebZaim] [           main] o.h.e.t.j.p.i.JtaPlatformInitiator       : HHH000489: No JTA platform available (set 'hibernate.transaction.jta.platform' to enable JTA platform integration)
2024-10-07T13:31:29.154+07:00  INFO 35666 --- [ttWebZaim] [           main] j.LocalContainerEntityManagerFactoryBean : Initialized JPA EntityManagerFactory for persistence unit 'default'
2024-10-07T13:31:29.674+07:00  WARN 35666 --- [ttWebZaim] [           main] JpaBaseConfiguration$JpaWebConfiguration : spring.jpa.open-in-view is enabled by default. Therefore, database queries may be performed during view rendering. Explicitly configure spring.jpa.open-in-view to disable this warning
2024-10-07T13:31:30.080+07:00  INFO 35666 --- [ttWebZaim] [           main] c.e.t.services.StopFactorServiceTest     : Started StopFactorServiceTest in 4.76 seconds (process running for 6.265)
2024-10-07T13:31:30.246+07:00  INFO 35666 --- [ttWebZaim] [           main] c.e.t.services.StopFactorService         : distanceRatioThreshold: 0.9
2024-10-07T13:31:30.247+07:00  INFO 35666 --- [ttWebZaim] [           main] c.e.t.services.StopFactorService         : Создание пар: OgadaIsaac
2024-10-07T13:31:30.247+07:00  INFO 35666 --- [ttWebZaim] [           main] c.e.t.services.StopFactorService         : Создание пар: OgadaAbraham
2024-10-07T13:31:30.247+07:00  INFO 35666 --- [ttWebZaim] [           main] c.e.t.services.StopFactorService         : Создание пар: OgadaSamuel
2024-10-07T13:31:30.247+07:00  INFO 35666 --- [ttWebZaim] [           main] c.e.t.services.StopFactorService         : Создание пар: IsaacAbraham
2024-10-07T13:31:30.248+07:00  INFO 35666 --- [ttWebZaim] [           main] c.e.t.services.StopFactorService         : Создание пар: IsaacSamuel
2024-10-07T13:31:30.248+07:00  INFO 35666 --- [ttWebZaim] [           main] c.e.t.services.StopFactorService         : Создание пар: AbrahamSamuel
2024-10-07T13:31:30.248+07:00  INFO 35666 --- [ttWebZaim] [           main] c.e.t.services.StopFactorService         : Создание пар: ISAACABRAHAM
2024-10-07T13:31:30.248+07:00  INFO 35666 --- [ttWebZaim] [           main] c.e.t.services.StopFactorService         : Создание пар: ISAACSAMUEL
2024-10-07T13:31:30.248+07:00  INFO 35666 --- [ttWebZaim] [           main] c.e.t.services.StopFactorService         : Создание пар: ISAACOGADA
2024-10-07T13:31:30.248+07:00  INFO 35666 --- [ttWebZaim] [           main] c.e.t.services.StopFactorService         : Создание пар: ABRAHAMSAMUEL
2024-10-07T13:31:30.248+07:00  INFO 35666 --- [ttWebZaim] [           main] c.e.t.services.StopFactorService         : Создание пар: ABRAHAMOGADA
2024-10-07T13:31:30.249+07:00  INFO 35666 --- [ttWebZaim] [           main] c.e.t.services.StopFactorService         : Создание пар: SAMUELOGADA
2024-10-07T13:31:30.249+07:00  INFO 35666 --- [ttWebZaim] [           main] c.e.t.services.StopFactorService         : Сгенерированные пары для regPerson: [OgadaIsaac, OgadaAbraham, OgadaSamuel, IsaacAbraham, IsaacSamuel, AbrahamSamuel]
2024-10-07T13:31:30.249+07:00  INFO 35666 --- [ttWebZaim] [           main] c.e.t.services.StopFactorService         : Сгенерированные пары для verifiedName: [ISAACABRAHAM, ISAACSAMUEL, ISAACOGADA, ABRAHAMSAMUEL, ABRAHAMOGADA, SAMUELOGADA]
2024-10-07T13:31:30.250+07:00  INFO 35666 --- [ttWebZaim] [           main] c.e.t.services.StopFactorService         : Расстояние между 'OgadaIsaac' and 'ISAACABRAHAM': 12
2024-10-07T13:31:30.250+07:00  INFO 35666 --- [ttWebZaim] [           main] c.e.t.services.StopFactorService         : Расстояние между 'OgadaIsaac' and 'ISAACSAMUEL': 11
2024-10-07T13:31:30.250+07:00  INFO 35666 --- [ttWebZaim] [           main] c.e.t.services.StopFactorService         : Расстояние между 'OgadaIsaac' and 'ISAACOGADA': 10
2024-10-07T13:31:30.251+07:00  INFO 35666 --- [ttWebZaim] [           main] c.e.t.services.StopFactorService         : Расстояние между 'OgadaIsaac' and 'ABRAHAMSAMUEL': 13
2024-10-07T13:31:30.251+07:00  INFO 35666 --- [ttWebZaim] [           main] c.e.t.services.StopFactorService         : Расстояние между 'OgadaIsaac' and 'ABRAHAMOGADA': 12
2024-10-07T13:31:30.251+07:00  INFO 35666 --- [ttWebZaim] [           main] c.e.t.services.StopFactorService         : Расстояние между 'OgadaIsaac' and 'SAMUELOGADA': 11
2024-10-07T13:31:30.251+07:00  INFO 35666 --- [ttWebZaim] [           main] c.e.t.services.StopFactorService         : Расстояние между 'OgadaAbraham' and 'ISAACABRAHAM': 11
2024-10-07T13:31:30.251+07:00  INFO 35666 --- [ttWebZaim] [           main] c.e.t.services.StopFactorService         : Расстояние между 'OgadaAbraham' and 'ISAACSAMUEL': 12
2024-10-07T13:31:30.251+07:00  INFO 35666 --- [ttWebZaim] [           main] c.e.t.services.StopFactorService         : Расстояние между 'OgadaAbraham' and 'ISAACOGADA': 11
2024-10-07T13:31:30.252+07:00  INFO 35666 --- [ttWebZaim] [           main] c.e.t.services.StopFactorService         : Расстояние между 'OgadaAbraham' and 'ABRAHAMSAMUEL': 12
2024-10-07T13:31:30.252+07:00  INFO 35666 --- [ttWebZaim] [           main] c.e.t.services.StopFactorService         : Расстояние между 'OgadaAbraham' and 'ABRAHAMOGADA': 11
2024-10-07T13:31:30.252+07:00  INFO 35666 --- [ttWebZaim] [           main] c.e.t.services.StopFactorService         : Расстояние между 'OgadaAbraham' and 'SAMUELOGADA': 12
2024-10-07T13:31:30.252+07:00  INFO 35666 --- [ttWebZaim] [           main] c.e.t.services.StopFactorService         : Расстояние между 'OgadaSamuel' and 'ISAACABRAHAM': 12
2024-10-07T13:31:30.252+07:00  INFO 35666 --- [ttWebZaim] [           main] c.e.t.services.StopFactorService         : Расстояние между 'OgadaSamuel' and 'ISAACSAMUEL': 10
2024-10-07T13:31:30.252+07:00  INFO 35666 --- [ttWebZaim] [           main] c.e.t.services.StopFactorService         : Расстояние между 'OgadaSamuel' and 'ISAACOGADA': 11
2024-10-07T13:31:30.252+07:00  INFO 35666 --- [ttWebZaim] [           main] c.e.t.services.StopFactorService         : Расстояние между 'OgadaSamuel' and 'ABRAHAMSAMUEL': 12
2024-10-07T13:31:30.253+07:00  INFO 35666 --- [ttWebZaim] [           main] c.e.t.services.StopFactorService         : Расстояние между 'OgadaSamuel' and 'ABRAHAMOGADA': 12
2024-10-07T13:31:30.253+07:00  INFO 35666 --- [ttWebZaim] [           main] c.e.t.services.StopFactorService         : Расстояние между 'OgadaSamuel' and 'SAMUELOGADA': 11
2024-10-07T13:31:30.253+07:00  INFO 35666 --- [ttWebZaim] [           main] c.e.t.services.StopFactorService         : Расстояние между 'IsaacAbraham' and 'ISAACABRAHAM': 10
2024-10-07T13:31:30.253+07:00  INFO 35666 --- [ttWebZaim] [           main] c.e.t.services.StopFactorService         : Расстояние между 'IsaacAbraham' and 'ISAACSAMUEL': 11
2024-10-07T13:31:30.253+07:00  INFO 35666 --- [ttWebZaim] [           main] c.e.t.services.StopFactorService         : Расстояние между 'IsaacAbraham' and 'ISAACOGADA': 10
2024-10-07T13:31:30.253+07:00  INFO 35666 --- [ttWebZaim] [           main] c.e.t.services.StopFactorService         : Расстояние между 'IsaacAbraham' and 'ABRAHAMSAMUEL': 12
2024-10-07T13:31:30.254+07:00  INFO 35666 --- [ttWebZaim] [           main] c.e.t.services.StopFactorService         : Расстояние между 'IsaacAbraham' and 'ABRAHAMOGADA': 11
2024-10-07T13:31:30.254+07:00  INFO 35666 --- [ttWebZaim] [           main] c.e.t.services.StopFactorService         : Расстояние между 'IsaacAbraham' and 'SAMUELOGADA': 12
2024-10-07T13:31:30.254+07:00  INFO 35666 --- [ttWebZaim] [           main] c.e.t.services.StopFactorService         : Расстояние между 'IsaacSamuel' and 'ISAACABRAHAM': 11
2024-10-07T13:31:30.254+07:00  INFO 35666 --- [ttWebZaim] [           main] c.e.t.services.StopFactorService         : Расстояние между 'IsaacSamuel' and 'ISAACSAMUEL': 9
2024-10-07T13:31:30.254+07:00  INFO 35666 --- [ttWebZaim] [           main] c.e.t.services.StopFactorService         : Расстояние между 'IsaacSamuel' and 'ISAACOGADA': 10
2024-10-07T13:31:30.254+07:00  INFO 35666 --- [ttWebZaim] [           main] c.e.t.services.StopFactorService         : Расстояние между 'IsaacSamuel' and 'ABRAHAMSAMUEL': 12
2024-10-07T13:31:30.255+07:00  INFO 35666 --- [ttWebZaim] [           main] c.e.t.services.StopFactorService         : Расстояние между 'IsaacSamuel' and 'ABRAHAMOGADA': 12
2024-10-07T13:31:30.255+07:00  INFO 35666 --- [ttWebZaim] [           main] c.e.t.services.StopFactorService         : Расстояние между 'IsaacSamuel' and 'SAMUELOGADA': 11
2024-10-07T13:31:30.255+07:00  INFO 35666 --- [ttWebZaim] [           main] c.e.t.services.StopFactorService         : Расстояние между 'AbrahamSamuel' and 'ISAACABRAHAM': 13
2024-10-07T13:31:30.255+07:00  INFO 35666 --- [ttWebZaim] [           main] c.e.t.services.StopFactorService         : Расстояние между 'AbrahamSamuel' and 'ISAACSAMUEL': 12
2024-10-07T13:31:30.255+07:00  INFO 35666 --- [ttWebZaim] [           main] c.e.t.services.StopFactorService         : Расстояние между 'AbrahamSamuel' and 'ISAACOGADA': 13
2024-10-07T13:31:30.255+07:00  INFO 35666 --- [ttWebZaim] [           main] c.e.t.services.StopFactorService         : Расстояние между 'AbrahamSamuel' and 'ABRAHAMSAMUEL': 11
2024-10-07T13:31:30.255+07:00  INFO 35666 --- [ttWebZaim] [           main] c.e.t.services.StopFactorService         : Расстояние между 'AbrahamSamuel' and 'ABRAHAMOGADA': 12
2024-10-07T13:31:30.256+07:00  INFO 35666 --- [ttWebZaim] [           main] c.e.t.services.StopFactorService         : Расстояние между 'AbrahamSamuel' and 'SAMUELOGADA': 13
2024-10-07T13:31:30.256+07:00  INFO 35666 --- [ttWebZaim] [           main] c.e.t.services.StopFactorService         : Найденное максимальное расстояние Левенштейна: 13.0
stop factor: false
2024-10-07T13:31:30.264+07:00  INFO 35666 --- [ttWebZaim] [           main] c.e.t.services.StopFactorService         : distanceRatioThreshold: 0.9
2024-10-07T13:31:30.265+07:00  INFO 35666 --- [ttWebZaim] [           main] c.e.t.services.StopFactorService         : Создание пар: SolomonAwich
2024-10-07T13:31:30.265+07:00  INFO 35666 --- [ttWebZaim] [           main] c.e.t.services.StopFactorService         : Создание пар: SOLOMONRAORE
2024-10-07T13:31:30.265+07:00  INFO 35666 --- [ttWebZaim] [           main] c.e.t.services.StopFactorService         : Создание пар: SOLOMONAWICH
2024-10-07T13:31:30.265+07:00  INFO 35666 --- [ttWebZaim] [           main] c.e.t.services.StopFactorService         : Создание пар: RAOREAWICH
2024-10-07T13:31:30.265+07:00  INFO 35666 --- [ttWebZaim] [           main] c.e.t.services.StopFactorService         : Сгенерированные пары для regPerson: [SolomonAwich]
2024-10-07T13:31:30.265+07:00  INFO 35666 --- [ttWebZaim] [           main] c.e.t.services.StopFactorService         : Сгенерированные пары для verifiedName: [SOLOMONRAORE, SOLOMONAWICH, RAOREAWICH]
2024-10-07T13:31:30.265+07:00  INFO 35666 --- [ttWebZaim] [           main] c.e.t.services.StopFactorService         : Расстояние между 'SolomonAwich' and 'SOLOMONRAORE': 11
2024-10-07T13:31:30.265+07:00  INFO 35666 --- [ttWebZaim] [           main] c.e.t.services.StopFactorService         : Расстояние между 'SolomonAwich' and 'SOLOMONAWICH': 10
2024-10-07T13:31:30.265+07:00  INFO 35666 --- [ttWebZaim] [           main] c.e.t.services.StopFactorService         : Расстояние между 'SolomonAwich' and 'RAOREAWICH': 11
2024-10-07T13:31:30.265+07:00  INFO 35666 --- [ttWebZaim] [           main] c.e.t.services.StopFactorService         : Найденное максимальное расстояние Левенштейна: 11.0
stop factor: false
2024-10-07T13:31:30.269+07:00  INFO 35666 --- [ttWebZaim] [           main] c.e.t.services.StopFactorService         : distanceRatioThreshold: 0.9
2024-10-07T13:31:30.270+07:00  INFO 35666 --- [ttWebZaim] [           main] c.e.t.services.StopFactorService         : Создание пар: FABIANOTIENO
2024-10-07T13:31:30.270+07:00  INFO 35666 --- [ttWebZaim] [           main] c.e.t.services.StopFactorService         : Создание пар: TERESAWAMUYU
2024-10-07T13:31:30.270+07:00  INFO 35666 --- [ttWebZaim] [           main] c.e.t.services.StopFactorService         : Создание пар: TERESATHERI
2024-10-07T13:31:30.270+07:00  INFO 35666 --- [ttWebZaim] [           main] c.e.t.services.StopFactorService         : Создание пар: WAMUYUTHERI
2024-10-07T13:31:30.270+07:00  INFO 35666 --- [ttWebZaim] [           main] c.e.t.services.StopFactorService         : Сгенерированные пары для regPerson: [FABIANOTIENO]
2024-10-07T13:31:30.270+07:00  INFO 35666 --- [ttWebZaim] [           main] c.e.t.services.StopFactorService         : Сгенерированные пары для verifiedName: [TERESAWAMUYU, TERESATHERI, WAMUYUTHERI]
2024-10-07T13:31:30.270+07:00  INFO 35666 --- [ttWebZaim] [           main] c.e.t.services.StopFactorService         : Расстояние между 'FABIANOTIENO' and 'TERESAWAMUYU': 12
2024-10-07T13:31:30.271+07:00  INFO 35666 --- [ttWebZaim] [           main] c.e.t.services.StopFactorService         : Расстояние между 'FABIANOTIENO' and 'TERESATHERI': 10
2024-10-07T13:31:30.271+07:00  INFO 35666 --- [ttWebZaim] [           main] c.e.t.services.StopFactorService         : Расстояние между 'FABIANOTIENO' and 'WAMUYUTHERI': 9
2024-10-07T13:31:30.271+07:00  INFO 35666 --- [ttWebZaim] [           main] c.e.t.services.StopFactorService         : Найденное максимальное расстояние Левенштейна: 12.0
stop factor: false
2024-10-07T13:31:30.710+07:00  INFO 35666 --- [ttWebZaim] [           main] c.e.t.services.StopFactorService         : Создание пар: AB
2024-10-07T13:31:30.710+07:00  INFO 35666 --- [ttWebZaim] [           main] c.e.t.services.StopFactorService         : Создание пар: AC
2024-10-07T13:31:30.710+07:00  INFO 35666 --- [ttWebZaim] [           main] c.e.t.services.StopFactorService         : Создание пар: AD
2024-10-07T13:31:30.710+07:00  INFO 35666 --- [ttWebZaim] [           main] c.e.t.services.StopFactorService         : Создание пар: BC
2024-10-07T13:31:30.710+07:00  INFO 35666 --- [ttWebZaim] [           main] c.e.t.services.StopFactorService         : Создание пар: BD
2024-10-07T13:31:30.710+07:00  INFO 35666 --- [ttWebZaim] [           main] c.e.t.services.StopFactorService         : Создание пар: CD
]]></system-out>
    <system-err><![CDATA[WARNING: A Java agent has been loaded dynamically (/home/ivan/.m2/repository/net/bytebuddy/byte-buddy-agent/1.14.19/byte-buddy-agent-1.14.19.jar)
WARNING: If a serviceability tool is in use, please run with -XX:+EnableDynamicAgentLoading to hide this warning
WARNING: If a serviceability tool is not in use, please run with -Djdk.instrument.traceUsage for more information
WARNING: Dynamic loading of agents will be disallowed by default in a future release
]]></system-err>
  </testcase>
  <testcase name="searchLevenshteinDistance" classname="com.example.ttwebzaim.services.StopFactorServiceTest" time="0.004">
    <system-out><![CDATA[2024-10-07T13:31:30.728+07:00  INFO 35666 --- [ttWebZaim] [           main] c.e.t.services.StopFactorService         : Расстояние между 'ISAAC ABRAHAM' and 'ABRAHAMOGADA': 10
2024-10-07T13:31:30.729+07:00  INFO 35666 --- [ttWebZaim] [           main] c.e.t.services.StopFactorService         : Расстояние между 'ISAAC ABRAHAM' and 'SAMUELOGADA': 9
]]></system-out>
  </testcase>
  <testcase name="searchStopFactor" classname="com.example.ttwebzaim.services.StopFactorServiceTest" time="0.004">
    <system-out><![CDATA[2024-10-07T13:31:30.733+07:00  INFO 35666 --- [ttWebZaim] [           main] c.e.t.services.StopFactorService         : Создание пар: ISAACABRAHAM
2024-10-07T13:31:30.733+07:00  INFO 35666 --- [ttWebZaim] [           main] c.e.t.services.StopFactorService         : Создание пар: ISAACABRAHAM
2024-10-07T13:31:30.733+07:00  INFO 35666 --- [ttWebZaim] [           main] c.e.t.services.StopFactorService         : Сгенерированные пары для regPerson: [ISAACABRAHAM]
2024-10-07T13:31:30.733+07:00  INFO 35666 --- [ttWebZaim] [           main] c.e.t.services.StopFactorService         : Сгенерированные пары для verifiedName: [ISAACABRAHAM]
2024-10-07T13:31:30.734+07:00  INFO 35666 --- [ttWebZaim] [           main] c.e.t.services.StopFactorService         : Расстояние между 'ISAACABRAHAM' and 'ISAACABRAHAM': 0
2024-10-07T13:31:30.734+07:00  INFO 35666 --- [ttWebZaim] [           main] c.e.t.services.StopFactorService         : Найденное максимальное расстояние Левенштейна: 0.0
]]></system-out>
  </testcase>
</testsuite>